<?xml version="1.0" encoding="UTF-8"?>
<!-- Generated by org.testng.reporters.JUnitReportReporter -->
<testsuite skipped="0" hostname="MAHESWARAN-PC" name="com.auomation.selenium.ValidateGooglepage" tests="1" failures="0" timestamp="24 Jul 2019 08:57:39 GMT" time="7.671" errors="0">
  <testcase name="google" time="7.671" classname="com.auomation.selenium.ValidateGooglepage"/>
</testsuite> <!-- com.auomation.selenium.ValidateGooglepage -->
